f:\shared files for virtualbox\gameproject\gameproject\gameproject\x64\debug\vc140.pdb
f:\shared files for virtualbox\gameproject\gameproject\gameproject\x64\debug\vc140.idb
f:\shared files for virtualbox\gameproject\gameproject\gameproject\x64\debug\charactersprite.obj
f:\shared files for virtualbox\gameproject\gameproject\gameproject\x64\debug\datacontainer.obj
f:\shared files for virtualbox\gameproject\gameproject\gameproject\x64\debug\gameclock.obj
f:\shared files for virtualbox\gameproject\gameproject\gameproject\x64\debug\globallight.obj
f:\shared files for virtualbox\gameproject\gameproject\gameproject\x64\debug\isometricmap.obj
f:\shared files for virtualbox\gameproject\gameproject\gameproject\x64\debug\main.obj
f:\shared files for virtualbox\gameproject\gameproject\gameproject\x64\debug\mapcase.obj
f:\shared files for virtualbox\gameproject\gameproject\gameproject\x64\debug\tool.obj
f:\shared files for virtualbox\gameproject\gameproject\gameproject\x64\debug\keyboardmanager.obj
f:\shared files for virtualbox\gameproject\gameproject\x64\debug\gameproject.ilk
f:\shared files for virtualbox\gameproject\gameproject\x64\debug\gameproject.exe
f:\shared files for virtualbox\gameproject\gameproject\x64\debug\gameproject.pdb
f:\shared files for virtualbox\gameproject\gameproject\gameproject\x64\debug\gameproject.res
f:\shared files for virtualbox\gameproject\gameproject\gameproject\x64\debug\gameproject.tlog\cl.command.1.tlog
f:\shared files for virtualbox\gameproject\gameproject\gameproject\x64\debug\gameproject.tlog\cl.read.1.tlog
f:\shared files for virtualbox\gameproject\gameproject\gameproject\x64\debug\gameproject.tlog\cl.write.1.tlog
f:\shared files for virtualbox\gameproject\gameproject\gameproject\x64\debug\gameproject.tlog\link.command.1.tlog
f:\shared files for virtualbox\gameproject\gameproject\gameproject\x64\debug\gameproject.tlog\link.read.1.tlog
f:\shared files for virtualbox\gameproject\gameproject\gameproject\x64\debug\gameproject.tlog\link.write.1.tlog
f:\shared files for virtualbox\gameproject\gameproject\gameproject\x64\debug\gameproject.tlog\rc.command.1.tlog
f:\shared files for virtualbox\gameproject\gameproject\gameproject\x64\debug\gameproject.tlog\rc.read.1.tlog
f:\shared files for virtualbox\gameproject\gameproject\gameproject\x64\debug\gameproject.tlog\rc.write.1.tlog
