  CharacterSprite.cpp
  Génération de code en cours...
  Compilation en cours...
  main.cpp
  TextureManager.cpp
  SaveMapCase.cpp
  SaveManager.cpp
  MapCase.cpp
f:\shared files for virtualbox\gameproject\gameproject\gameproject\mapcase.cpp(25): warning C4244: 'argument' : conversion de 'int' en 'float', perte possible de données
f:\shared files for virtualbox\gameproject\gameproject\gameproject\mapcase.cpp(27): warning C4244: 'argument' : conversion de 'int' en 'const float', perte possible de données
f:\shared files for virtualbox\gameproject\gameproject\gameproject\mapcase.cpp(43): warning C4244: 'argument' : conversion de 'int' en 'float', perte possible de données
f:\shared files for virtualbox\gameproject\gameproject\gameproject\mapcase.cpp(49): warning C4244: 'argument' : conversion de 'const float' en 'const short', perte possible de données
  LoadManager.cpp
f:\shared files for virtualbox\gameproject\gameproject\gameproject\loadmanager.cpp(23): warning C4244: '=' : conversion de 'std::streamoff' en 'unsigned int', perte possible de données
  KeyboardManager.cpp
  IsometricMap.cpp
  DataContainer.cpp
  Génération de code en cours...
DataContainer.obj : error LNK2005: "enum TextureConstants * texture_constants" (?texture_constants@@3PAW4TextureConstants@@A) déjà défini(e) dans CharacterSprite.obj
IsometricMap.obj : error LNK2005: "enum TextureConstants * texture_constants" (?texture_constants@@3PAW4TextureConstants@@A) déjà défini(e) dans CharacterSprite.obj
KeyboardManager.obj : error LNK2005: "enum TextureConstants * texture_constants" (?texture_constants@@3PAW4TextureConstants@@A) déjà défini(e) dans CharacterSprite.obj
LoadManager.obj : error LNK2005: "enum TextureConstants * texture_constants" (?texture_constants@@3PAW4TextureConstants@@A) déjà défini(e) dans CharacterSprite.obj
main.obj : error LNK2005: "enum TextureConstants * texture_constants" (?texture_constants@@3PAW4TextureConstants@@A) déjà défini(e) dans CharacterSprite.obj
MapCase.obj : error LNK2005: "enum TextureConstants * texture_constants" (?texture_constants@@3PAW4TextureConstants@@A) déjà défini(e) dans CharacterSprite.obj
SaveManager.obj : error LNK2005: "enum TextureConstants * texture_constants" (?texture_constants@@3PAW4TextureConstants@@A) déjà défini(e) dans CharacterSprite.obj
SaveMapCase.obj : error LNK2005: "enum TextureConstants * texture_constants" (?texture_constants@@3PAW4TextureConstants@@A) déjà défini(e) dans CharacterSprite.obj
TextureManager.obj : error LNK2005: "enum TextureConstants * texture_constants" (?texture_constants@@3PAW4TextureConstants@@A) déjà défini(e) dans CharacterSprite.obj
F:\Shared files for Virtualbox\GameProject\GameProject\x64\Debug\GameProject.exe : fatal error LNK1169: un ou plusieurs symboles définis à différentes reprises ont été rencontrés
